        -:    0:Source:main.c
        -:    0:Programs:7
        -:    1:#include <stdio.h>
        -:    2:#include <stdlib.h>
        -:    3:#include "cstring.h"
        -:    4:#include "clist.h"
        -:    5:#include "cdict.h"
        -:    6:#include "defuzzification.h"
        -:    7:#include "aggreagation.h"
        -:    8:#include "variables.h"
        -:    9:
        1:   10:int main(void)
        -:   11:{
        1:   12:    float array1[4] = { 1, 5, 6, 10 }, array2[3] = { 3, 4, 5 };
        1:   13:    float count1 = 4, count2 = 3;
        -:   14:    cdictdict * cptr;
        -:   15:    //TrapezioidalFuzzyset * self1 = InitTrapezioidalFuzzyset( InitClist(array1, count1), "Tra" );
        -:   16:    //TriangularFuzzyset * self2 = InitTriangularFuzzyset( InitClist(array2, count2), "Tri" );
        1:   17:    Fuzzysets * sets = InitFuzzysets();
        1:   18:    fnode * fptr = InitFnode();
        1:   19:    FuzzyVariable * variable = InitFuzzyVariable( "BABA" );
        -:   20:
        1:   21:    addFuzzyset( variable, InitCstring("Tra"), InitClist( array1, count1 ) );
        1:   22:    addFuzzyset( variable, InitCstring("Tri"), InitClist( array2, count2 ) );
        -:   23:    //printf("%s\n", GetCdict(get_degrees(variable, 4)) );
        -:   24:    //printf("%s\n", GetCdictlist( get_fuzzysets(variable) ));
        1:   25:    cptr = getDictOfFuzzyVariable(variable);
        1:   26:    printf("%s\n", GetCdictdict( cptr ));
        -:   27:
        1:   28:    return 0;
        -:   29:}
